#set( $symbol_pound = '#' )
#set( $symbol_dollar = '$' )
#set( $symbol_escape = '\' )
<?xml version="1.0" encoding="UTF-8"?>
<testng-results skipped="0" failed="0" total="1" passed="1">
  <reporter-output>
  </reporter-output>
  <suite name="Default suite" duration-ms="34" started-at="2016-09-07T12:08:54Z" finished-at="2016-09-07T12:08:54Z">
    <groups>
    </groups>
    <test name="Default test" duration-ms="34" started-at="2016-09-07T12:08:54Z" finished-at="2016-09-07T12:08:54Z">
      <class name="${package}.analyzer.core.BasicEngineTest">
        <test-method status="PASS" signature="beforeMethod()[pri:0, instance:${package}.analyzer.core.BasicEngineTest@7921b0a2]" name="beforeMethod" is-config="true" duration-ms="6" started-at="2016-09-07T14:08:54Z" finished-at="2016-09-07T14:08:54Z">
          <reporter-output>
          </reporter-output>
        </test-method> <!-- beforeMethod -->
        <test-method status="PASS" signature="runShould()[pri:0, instance:${package}.analyzer.core.BasicEngineTest@7921b0a2]" name="runShould" duration-ms="5" started-at="2016-09-07T14:08:54Z" finished-at="2016-09-07T14:08:54Z">
          <reporter-output>
          </reporter-output>
        </test-method> <!-- runShould -->
      </class> <!-- ${package}.analyzer.core.BasicEngineTest -->
    </test> <!-- Default test -->
  </suite> <!-- Default suite -->
</testng-results>
